{"level":"info","message":"游戏服务器已在端口 8000 启动","timestamp":"2025-07-28 22:04:11"}
{"level":"info","message":"游戏服务器已在端口 8000 启动","timestamp":"2025-08-16 16:18:17"}
{"level":"info","message":"Total connected users: ","timestamp":"2025-08-16 17:18:22"}
{"level":"info","message":"Server running on http://localhost:3333","timestamp":"2025-08-16 17:42:24"}
{"level":"info","message":"Total connected users: ","timestamp":"2025-08-16 17:42:36"}
{"level":"info","message":{},"timestamp":"2025-08-16 17:42:56"}
{"level":"info","message":true,"timestamp":"2025-08-16 17:42:56"}
{"level":"info","message":"object","timestamp":"2025-08-16 17:42:56"}
{"level":"info","message":{"0":10,"1":3,"2":104,"3":106,"4":98,"5":18,"6":3,"7":49,"8":49,"9":49},"protocolId":10001,"sequenceId":3,"timestamp":"2025-08-16 17:42:56"}
{"level":"info","message":"loginRequest","timestamp":"2025-08-16 17:42:56"}
{"level":"info","message":"Server running on http://localhost:3333","timestamp":"2025-08-16 17:44:28"}
{"level":"info","message":"Total connected users: 1","timestamp":"2025-08-16 17:44:30"}
{"level":"info","message":"Request:[object Object]","timestamp":"2025-08-16 17:44:31"}
{"level":"info","message":"loginRequest 111|hjb","timestamp":"2025-08-16 17:44:31"}
{"level":"info","message":"Server running on http://localhost:3333","timestamp":"2025-08-16 17:44:48"}
{"level":"info","message":"Total connected users: 1","timestamp":"2025-08-16 17:44:50"}
{"level":"info","message":"Request:[object Object]","timestamp":"2025-08-16 17:44:51"}
{"level":"info","message":"loginRequest 111|hjb","timestamp":"2025-08-16 17:44:51"}
{"level":"info","message":"Server running on http://localhost:3333","timestamp":"2025-08-16 17:45:21"}
{"level":"info","message":"Total connected users: 1","timestamp":"2025-08-16 17:45:23"}
{"level":"info","message":"Request:[object Object]","timestamp":"2025-08-16 17:45:24"}
{"level":"info","message":"loginRequest 111|hjb","timestamp":"2025-08-16 17:45:24"}
{"level":"info","message":"Server running on http://localhost:3333","timestamp":"2025-08-16 17:46:45"}
{"level":"info","message":"Total connected users: 1","timestamp":"2025-08-16 17:46:47"}
{"level":"info","message":"Request:10001|7|10","timestamp":"2025-08-16 17:46:48"}
{"level":"info","message":"loginRequest 111|hjb","timestamp":"2025-08-16 17:46:48"}
{"level":"info","message":"Server running on http://localhost:3333","timestamp":"2025-08-16 18:29:44"}
{"level":"info","message":"Total connected users: 1","timestamp":"2025-08-16 18:29:51"}
{"level":"info","message":"Request:0|0|0","timestamp":"2025-08-16 18:29:52"}
{"level":"info","message":"Total connected users: 1","timestamp":"2025-08-16 18:30:06"}
{"level":"info","message":"Request:0|0|0","timestamp":"2025-08-16 18:30:08"}
{"level":"info","message":"Total connected users: 1","timestamp":"2025-08-16 18:31:43"}
{"level":"info","message":"Request:10001|0|10","timestamp":"2025-08-16 18:31:46"}
{"level":"info","message":"loginRequest 111|hjb","timestamp":"2025-08-16 18:31:46"}
{"level":"info","message":"Server running on http://localhost:3333","timestamp":"2025-08-16 18:32:06"}
{"level":"info","message":"Total connected users: 1","timestamp":"2025-08-16 18:32:08"}
{"level":"info","message":"Request:10001|0|10","timestamp":"2025-08-16 18:32:09"}
{"level":"info","message":"loginRequest 111|hjb","timestamp":"2025-08-16 18:32:09"}
{"level":"info","message":"loginResponse 0","timestamp":"2025-08-16 18:32:09"}
{"level":"info","message":"Server running on http://localhost:3333","timestamp":"2025-08-16 18:32:34"}
{"level":"info","message":"Total connected users: 1","timestamp":"2025-08-16 18:32:36"}
{"level":"info","message":"Request:10001|0|10","timestamp":"2025-08-16 18:32:38"}
{"level":"info","message":"loginRequest 111|hjb","timestamp":"2025-08-16 18:32:38"}
{"level":"info","message":"loginResponse 14","timestamp":"2025-08-16 18:32:38"}
{"level":"info","message":"Total connected users: 1","timestamp":"2025-08-16 18:33:05"}
{"level":"info","message":"Request:10001|0|10","timestamp":"2025-08-16 18:33:06"}
{"level":"info","message":"loginRequest 111|hjb","timestamp":"2025-08-16 18:33:06"}
{"level":"info","message":"loginResponse 14","timestamp":"2025-08-16 18:33:06"}
{"level":"info","message":"Server running on http://localhost:3333","timestamp":"2025-08-16 20:52:33"}
{"level":"info","message":"Server running http://localhost:8000","timestamp":"2025-08-16 20:53:19"}
{"level":"info","message":"Total connected users: 1","timestamp":"2025-08-16 20:53:30"}
{"level":"info","message":"Request:10001|0|15","timestamp":"2025-08-16 20:53:32"}
{"level":"info","message":"loginRequest 123456|admin","timestamp":"2025-08-16 20:53:32"}
{"level":"info","message":"loginResponse 14","timestamp":"2025-08-16 20:53:32"}
{"level":"info","message":"Request:10001|0|15","timestamp":"2025-08-16 20:53:34"}
{"level":"info","message":"loginRequest 123456|admin","timestamp":"2025-08-16 20:53:34"}
{"level":"info","message":"loginResponse 14","timestamp":"2025-08-16 20:53:34"}
{"level":"info","message":"Request:10001|0|15","timestamp":"2025-08-16 20:54:56"}
{"level":"info","message":"loginRequest 123456|admin","timestamp":"2025-08-16 20:54:56"}
{"level":"info","message":"loginResponse 14","timestamp":"2025-08-16 20:54:56"}
{"level":"info","message":"Total connected users: 1","timestamp":"2025-08-16 20:55:17"}
{"level":"info","message":"Total connected users: 1","timestamp":"2025-08-16 20:55:55"}
{"level":"info","message":"Total connected users: 2","timestamp":"2025-08-16 20:55:58"}
{"level":"info","message":"Total connected users: 3","timestamp":"2025-08-16 20:56:08"}
{"level":"info","message":"Request:10001|0|15","timestamp":"2025-08-16 20:56:09"}
{"level":"info","message":"loginRequest 123456|admin","timestamp":"2025-08-16 20:56:09"}
{"level":"info","message":"loginResponse 14","timestamp":"2025-08-16 20:56:09"}
{"level":"info","message":"Total connected users: 3","timestamp":"2025-08-16 20:56:52"}
{"level":"info","message":"Request:10001|0|15","timestamp":"2025-08-16 20:56:58"}
{"level":"info","message":"loginRequest 123456|admin","timestamp":"2025-08-16 20:56:58"}
{"level":"info","message":"loginResponse 14","timestamp":"2025-08-16 20:56:58"}
{"level":"info","message":"Total connected users: 1","timestamp":"2025-08-16 20:59:56"}
{"level":"info","message":"Request:10001|0|15","timestamp":"2025-08-16 21:00:07"}
{"level":"info","message":"loginRequest 123456|admin","timestamp":"2025-08-16 21:00:07"}
{"level":"info","message":"loginResponse 14","timestamp":"2025-08-16 21:00:07"}
{"level":"info","message":"Request:10001|0|15","timestamp":"2025-08-16 21:00:23"}
{"level":"info","message":"loginRequest 123456|admin","timestamp":"2025-08-16 21:00:23"}
{"level":"info","message":"loginResponse 14","timestamp":"2025-08-16 21:00:23"}
{"level":"info","message":"Total connected users: 1","timestamp":"2025-08-16 21:01:16"}
{"level":"info","message":"Request:10001|0|15","timestamp":"2025-08-16 21:01:17"}
{"level":"info","message":"loginRequest 123456|admin","timestamp":"2025-08-16 21:01:17"}
{"level":"info","message":"loginResponse 14","timestamp":"2025-08-16 21:01:17"}
{"level":"info","message":"Server running http://localhost:8000","timestamp":"2025-08-16 22:43:24"}
{"level":"info","message":"Total connected users: 1","timestamp":"2025-08-16 22:43:37"}
{"level":"info","message":"Request:10001|0|15","timestamp":"2025-08-16 22:43:40"}
{"level":"info","message":"Request:10001|0|15","timestamp":"2025-08-16 22:43:40"}
{"level":"info","message":"登录请求 | 用户: admin","timestamp":"2025-08-16 22:43:40"}
{"level":"info","message":"Server running http://localhost:8000","timestamp":"2025-08-16 22:53:29"}
{"level":"info","message":"Total connected users: 1","timestamp":"2025-08-16 22:53:44"}
{"level":"info","message":"Request:object[object Object]","timestamp":"2025-08-16 22:53:45"}
{"level":"info","message":"登录请求 | 用户: admin","timestamp":"2025-08-16 22:53:45"}
{"level":"info","message":"Response:object[object Object]","timestamp":"2025-08-16 22:53:45"}
{"level":"info","message":"Server running http://localhost:8000","timestamp":"2025-08-16 22:54:06"}
{"level":"info","message":"Total connected users: 1","timestamp":"2025-08-16 22:54:15"}
{"level":"info","message":"Server running http://localhost:8000","timestamp":"2025-08-16 22:58:50"}
{"level":"info","message":"Server running http://localhost:8000","timestamp":"2025-08-16 22:59:01"}
{"level":"info","message":"Total connected users: 1","timestamp":"2025-08-16 22:59:05"}
{"level":"info","message":"登录请求 | 用户: admin","timestamp":"2025-08-16 22:59:07"}
{"content":{"password":"123456","username":"admin"},"level":"info","message":"Request:","timestamp":"2025-08-16 22:59:07","type":"object"}
{"content":{"status":0,"token":"session_token_xyz"},"level":"info","message":"Response:","timestamp":"2025-08-16 22:59:07","type":"object"}
{"level":"info","message":"Server running http://localhost:8000","timestamp":"2025-08-16 23:01:39"}
{"level":"info","message":"Total connected users: 1","timestamp":"2025-08-16 23:01:43"}
{"level":"info","message":"登录请求 | 用户: admin","timestamp":"2025-08-16 23:01:43"}
{"level":"info","message":"Request:","timestamp":"2025-08-16 23:01:43"}
{"level":"info","message":"Response:","timestamp":"2025-08-16 23:01:43"}
{"level":"info","message":"Server running http://localhost:8000","timestamp":"2025-08-16 23:02:40"}
{"level":"info","message":"Total connected users: 1","timestamp":"2025-08-16 23:02:44"}
{"level":"info","message":"登录请求 | 用户: admin","timestamp":"2025-08-16 23:02:44"}
{"level":"info","message":"Request:object {\n  \"username\": \"admin\",\n  \"password\": \"123456\"\n}","timestamp":"2025-08-16 23:02:44"}
{"level":"info","message":"Response:object {\n  \"status\": 0,\n  \"token\": \"session_token_xyz\"\n}","timestamp":"2025-08-16 23:02:44"}
{"level":"info","message":"Server running http://localhost:8000","timestamp":"2025-08-16 23:05:22"}
{"level":"info","message":"Total connected users: 1","timestamp":"2025-08-16 23:05:25"}
{"level":"info","message":"登录请求 | 用户: admin","timestamp":"2025-08-16 23:05:26"}
{"level":"info","message":"Request:[object Object] {\n  \"username\": \"admin\",\n  \"password\": \"123456\"\n}","timestamp":"2025-08-16 23:05:26"}
{"level":"info","message":"Response:[object Object] {\n  \"status\": 0,\n  \"token\": \"session_token_xyz\"\n}","timestamp":"2025-08-16 23:05:26"}
{"level":"info","message":"Server running http://localhost:8000","timestamp":"2025-08-16 23:06:44"}
{"level":"info","message":"Server running http://localhost:8000","timestamp":"2025-08-16 23:06:55"}
{"level":"info","message":"Total connected users: 1","timestamp":"2025-08-16 23:06:58"}
{"level":"info","message":"登录请求 | 用户: admin","timestamp":"2025-08-16 23:06:59"}
{"level":"info","message":"Request:LoginRequest {\"username\":\"admin\",\"password\":\"123456\"}","timestamp":"2025-08-16 23:06:59"}
{"level":"info","message":"Response:undefined {\"status\":0,\"token\":\"session_token_xyz\"}","timestamp":"2025-08-16 23:06:59"}
{"level":"info","message":"Server running http://localhost:8000","timestamp":"2025-08-16 23:07:28"}
{"level":"info","message":"Total connected users: 1","timestamp":"2025-08-16 23:07:31"}
{"level":"info","message":"登录请求 | 用户: admin","timestamp":"2025-08-16 23:07:31"}
{"level":"info","message":"Request:LoginRequest {\"username\":\"admin\",\"password\":\"123456\"}","timestamp":"2025-08-16 23:07:31"}
{"level":"info","message":"Response:LoginResponse {\"status\":0,\"token\":\"session_token_xyz\"}","timestamp":"2025-08-16 23:07:31"}
{"level":"info","message":"Server running http://localhost:8000","timestamp":"2025-08-16 23:09:00"}
{"level":"info","message":"Total connected users: 1","timestamp":"2025-08-16 23:09:01"}
{"level":"info","message":"Request:LoginRequest {\"username\":\"admin\",\"password\":\"123456\"}","timestamp":"2025-08-16 23:09:02"}
{"level":"info","message":"登录请求 | 用户: admin","timestamp":"2025-08-16 23:09:02"}
{"level":"info","message":"Response:LoginResponse {\"status\":0,\"token\":\"session_token_xyz\"}","timestamp":"2025-08-16 23:09:02"}
{"level":"info","message":"Server running http://localhost:8000","timestamp":"2025-08-17 18:39:59"}
{"level":"info","message":"Total connected users: 1","timestamp":"2025-08-17 18:40:14"}
{"level":"warn","message":"未注册的协议ID: 10001","timestamp":"2025-08-17 18:40:15"}
{"level":"warn","message":"未注册的协议ID: 10001","timestamp":"2025-08-17 18:40:17"}
{"level":"info","message":"Server running http://localhost:8000","timestamp":"2025-08-17 18:43:20"}
{"level":"info","message":"Total connected users: 1","timestamp":"2025-08-17 18:43:24"}
{"level":"info","message":"Request:LoginRequest {\"username\":\"admin\",\"password\":\"123456\"}","timestamp":"2025-08-17 18:43:26"}
{"level":"info","message":"登录请求 | 用户: admin","timestamp":"2025-08-17 18:43:26"}
{"level":"info","message":"Response:LoginResponse {\"status\":0,\"token\":\"session_token_xyz\"}","timestamp":"2025-08-17 18:43:26"}
